============================= test session starts ==============================
platform linux -- Python 3.8.5, pytest-6.2.5, py-1.11.0, pluggy-1.0.0 -- /mnt/c/Users/Yk/Documents/Code/alphalabs/env/bin/python
cachedir: .pytest_cache
rootdir: /mnt/c/Users/Yk/Documents/Code/alphalabs
collecting ... collected 1 item

test_orderbook.py::test_order_book_1 Inserting Order into Bid List
Submitting B Order: 200@13#Ffuj
B ORDER IDS:  ['Ffuj']
Inserting Order into Bid List
Submitting B Order: 150@11#Yy7P
B ORDER IDS:  ['Ffuj', 'Yy7P']
Inserting Order into Bid List
Submitting B Order: 100@13#YuFU
B ORDER IDS:  ['Ffuj', 'Yy7P', 'YuFU']
Inserting Order into Ask List
Submitting S Order: 150@14#IpD8
S ORDER IDS:  ['IpD8']
Inserting Order into Ask List
Submitting S Order: 190@15#y93N
S ORDER IDS:  ['IpD8', 'y93N']
Initial :  230
Target Order :  IpD8
After Processing :  80
Inserting Order into Bid List
Submitting B Order: 80@14#Y5wb
B ORDER IDS:  ['Ffuj', 'Yy7P', 'YuFU', 'Y5wb']
Processing Market Order
Not Side B Priority Order ID :  y93N
Initial :  250
Target Order :  y93N
After Processing :  60
2100
2850
B: 80@14#Y5wb 100@13#YuFU 150@11#Yy7P 
S: 
FAILED

=================================== FAILURES ===================================
______________________________ test_order_book_1 _______________________________

orders = ['SUB LO B Ffuj 200 13', 'SUB LO B Yy7P 150 11', 'SUB LO B YuFU 100 13', 'SUB LO S IpD8 150 14', 'SUB LO S y93N 190 15', 'SUB LO B Y5wb 230 14', ...]

    def test_order_book_1(orders):
        ob = OrderBook()
        for order in orders:
            ob.parse_order(order)
        expected_output = ['0', '0', '0', '0', '0', '2100',
                           '2850', 'B: 80@14#Y5wb 100013#YuFU 150@11#Yy7P', 'S:']
>       assert ob.output_log == expected_output
E       AssertionError: assert [2100, 2850, 'B: 80@14#Y5wb 100@13#YuFU 150@11#Yy7P ', 'S: '] == ['0',\n '0',\n '0',\n '0',\n '0',\n '2100',\n '2850',\n 'B: 80@14#Y5wb 100013#YuFU 150@11#Yy7P',\n 'S:']
E         At index 0 diff: 2100 != '0'
E         Right contains 5 more items, first extra item: '0'
E         Full diff:
E           [
E         -  '0',
E         -  '0',
E         -  '0',
E         -  '0',
E         -  '0',
E         -  '2100',
E         ?  -    -
E         +  2100,
E         -  '2850',
E         ?  -    -
E         +  2850,
E         -  'B: 80@14#Y5wb 100013#YuFU 150@11#Yy7P',
E         ?                    ^
E         +  'B: 80@14#Y5wb 100@13#YuFU 150@11#Yy7P ',
E         ?                    ^                   +
E         -  'S:',
E         +  'S: ',
E         ?     +
E           ]

test_orderbook.py:63: AssertionError
=========================== short test summary info ============================
FAILED test_orderbook.py::test_order_book_1 - AssertionError: assert [2100, 2...
============================== 1 failed in 1.98s ===============================
